proguard/seeds.txt
com.tyt.bbs.ArticleActivity
com.tyt.bbs.BaseActivity
com.tyt.bbs.CollectionActivity
com.tyt.bbs.FavoriteActivity
com.tyt.bbs.FileListActivity
com.tyt.bbs.LoginActivity
com.tyt.bbs.MainActivity
com.tyt.bbs.MessageActivity
com.tyt.bbs.PaintAcitivity
com.tyt.bbs.PostsListActivity
com.tyt.bbs.ProfileActivity
com.tyt.bbs.RecommendActivity
com.tyt.bbs.SettingActivity
com.tyt.bbs.TopTenActivity
com.tyt.bbs.preference.DialogPreference
com.tyt.bbs.preference.DialogPreference: DialogPreference(android.content.Context,android.util.AttributeSet)
com.tyt.bbs.preference.DialogPreference: DialogPreference(android.content.Context,android.util.AttributeSet,int)
com.tyt.bbs.provider.DataContentProvider
com.tyt.bbs.view.PullToRefreshListView
com.tyt.bbs.view.PullToRefreshListView: PullToRefreshListView(android.content.Context,android.util.AttributeSet)
com.tyt.bbs.view.PullToRefreshListView: PullToRefreshListView(android.content.Context,android.util.AttributeSet,int)
com.tyt.bbs.view.TitleFlowIndicator
com.tyt.bbs.view.TitleFlowIndicator: TitleFlowIndicator(android.content.Context,android.util.AttributeSet)
com.tyt.bbs.view.ViewFlow
com.tyt.bbs.view.ViewFlow: ViewFlow(android.content.Context,android.util.AttributeSet)
...
com.feedback.NotificationType: com.feedback.NotificationType[] values()
com.feedback.NotificationType: com.feedback.NotificationType valueOf(java.lang.String)
com.feedback.a.b: com.feedback.a.b[] values()
com.feedback.a.b: com.feedback.a.b valueOf(java.lang.String)
com.feedback.a.c: com.feedback.a.c[] values()
com.feedback.a.c: com.feedback.a.c valueOf(java.lang.String)
com.feedback.a.e: com.feedback.a.e[] values()
com.feedback.a.e: com.feedback.a.e valueOf(java.lang.String)
com.feedback.ui.FeedbackConversation
com.feedback.ui.FeedbackConversations
com.feedback.ui.SendFeedback
com.feedback.ui.ThreadView
com.feedback.ui.ThreadView: ThreadView(android.content.Context,android.util.AttributeSet)
com.mobclick.android.Gender: com.mobclick.android.Gender[] values()
com.mobclick.android.Gender: com.mobclick.android.Gender valueOf(java.lang.String)
org.apache.http.entity.mime.HttpMultipartMode: org.apache.http.entity.mime.HttpMultipartMode[] values()
org.apache.http.entity.mime.HttpMultipartMode: org.apache.http.entity.mime.HttpMultipartMode valueOf(java.lang.String)
org.jsoup.Connection$Method: org.jsoup.Connection$Method[] values()
org.jsoup.Connection$Method: org.jsoup.Connection$Method valueOf(java.lang.String)
org.jsoup.nodes.Entities$EscapeMode: org.jsoup.nodes.Entities$EscapeMode[] values()
org.jsoup.nodes.Entities$EscapeMode: org.jsoup.nodes.Entities$EscapeMode valueOf(java.lang.String)