proguard/mapping.txt
com.tyt.bbs.ArticleActivity -> com.tyt.bbs.ArticleActivity:
    android.widget.ListView mArticleList -> c
    android.widget.ProgressBar mProgressBar -> d
    com.tyt.bbs.parser.ArticleParser mParser -> e
    com.tyt.bbs.adapter.ArticelAdapter mAdapter -> f
    java.lang.String articleUrl -> g
    java.lang.String fullText -> h
    android.widget.AutoCompleteTextView mZhuanTieBoard -> i
    android.widget.EditText replyContentEditText -> j
    android.widget.EditText passwordEditText -> k
    android.widget.EditText userNameEditText -> l
    android.widget.EditText replyTitleEditText -> m
    java.lang.String fileLink -> n
    java.lang.String reid -> o
    java.lang.String board -> p
    java.lang.String file -> q
    java.lang.String testPrefix -> r
    android.view.View dv -> s
    android.view.View loginLayout -> t
    android.widget.TextView tv_posttitle -> u
    java.lang.String user -> v
    java.lang.String pswd -> w
    android.widget.Toast mToast -> x
    android.widget.TextView tv_postno -> y
    boolean mGetMore -> z
    android.content.SharedPreferences sp -> a
    java.io.File tempFile -> b
    java.lang.Runnable FreshListRunnable -> A
    android.os.Handler handler -> B
    java.util.ArrayList filePath -> C
    int postType -> D
    void onCreate(android.os.Bundle) -> onCreate
    android.app.Dialog onCreateDialog(int) -> onCreateDialog
com.tyt.bbs.ArticleActivity$1 -> com.tyt.bbs.a:
    com.tyt.bbs.ArticleActivity this$0 -> a
    void run() -> run
com.tyt.bbs.ArticleActivity$2 -> com.tyt.bbs.b:
    com.tyt.bbs.ArticleActivity this$0 -> a
    void handleMessage(android.os.Message) -> handleMessage
com.tyt.bbs.ArticleActivity$3 -> com.tyt.bbs.c:
    com.tyt.bbs.ArticleActivity this$0 -> a
    void onItemClick(android.widget.AdapterView,android.view.View,int,long) -> onItemClick
com.tyt.bbs.ArticleActivity$4 -> com.tyt.bbs.d:
    com.tyt.bbs.ArticleActivity this$0 -> a
    boolean onItemLongClick(android.widget.AdapterView,android.view.View,int,long) -> onItemLongClick
com.tyt.bbs.ArticleActivity$5 -> com.tyt.bbs.e:
    com.tyt.bbs.ArticleActivity this$0 -> a
    void onScroll(android.widget.AbsListView,int,int,int) -> onScroll
    void onScrollStateChanged(android.widget.AbsListView,int) -> onScrollStateChanged
com.tyt.bbs.ArticleActivity$ArticleListload -> com.tyt.bbs.f:
    com.tyt.bbs.ArticleActivity this$0 -> a
    void onPreExecute() -> onPreExecute
    java.lang.Void doInBackground$62a44833() -> a
    void onPostExecute(java.lang.Object) -> onPostExecute
    java.lang.Object doInBackground(java.lang.Object[]) -> doInBackground
com.tyt.bbs.ArticleActivity$DoPost -> com.tyt.bbs.g:
    com.tyt.bbs.ArticleActivity this$0 -> a
    void onPreExecute() -> onPreExecute
    void onPostExecute(java.lang.Object) -> onPostExecute
    java.lang.Object doInBackground(java.lang.Object[]) -> doInBackground
com.tyt.bbs.BaseActivity -> com.tyt.bbs.BaseActivity:
    void onResume() -> onResume
    void onPause() -> onPause
...
com.feedback.a.b -> com.feedback.a.b:
    com.feedback.a.b a -> a
    com.feedback.a.b b -> b
    com.feedback.a.b c -> c
    com.feedback.a.b[] d -> d
    com.feedback.a.b[] values() -> values
    com.feedback.a.b valueOf(java.lang.String) -> valueOf
com.feedback.a.c -> com.feedback.a.c:
    com.feedback.a.c a -> a
    com.feedback.a.c b -> b
    com.feedback.a.c c -> c
    com.feedback.a.c[] d -> d
    com.feedback.a.c[] values() -> values
    com.feedback.a.c valueOf(java.lang.String) -> valueOf
com.feedback.a.d -> com.feedback.a.d:
    java.lang.String a -> a
    com.feedback.a.e b -> b
    java.lang.String c -> c
    com.feedback.a.a d -> d
    com.feedback.a.a e -> e
    java.util.List f -> f
    com.feedback.a.a a(int) -> a
    void b(int) -> b
    int compareTo(java.lang.Object) -> compareTo
com.feedback.a.e -> com.feedback.a.e:
    com.feedback.a.e a -> a
    com.feedback.a.e b -> b
    com.feedback.a.e c -> c
    com.feedback.a.e[] d -> d
    com.feedback.a.e[] values() -> values
    com.feedback.a.e valueOf(java.lang.String) -> valueOf
com.feedback.b.a -> com.feedback.b.a:
    void a(android.content.Context,com.feedback.a.d) -> a
    void b(android.content.Context) -> a
    void b(android.content.Context,com.feedback.a.d) -> b
com.feedback.b.b -> com.feedback.b.b:
    java.lang.String a(org.json.JSONObject,java.lang.String) -> a
    org.json.JSONObject a(android.content.Context,java.lang.String,int,int) -> a
    org.json.JSONObject a(android.content.Context,java.lang.String,java.lang.String) -> a
    boolean b(org.json.JSONObject) -> a
    boolean c(org.json.JSONObject) -> b
    boolean d(org.json.JSONObject) -> c
    boolean e(org.json.JSONObject) -> d
    boolean f(org.json.JSONObject) -> e
    boolean a(org.json.JSONObject,java.lang.String,java.lang.String) -> a
com.feedback.b.c -> com.feedback.b.c:
    boolean a(android.content.Context,org.json.JSONObject) -> a
    boolean b(android.content.Context,org.json.JSONObject) -> b
    java.lang.String a(android.content.Context,org.json.JSONArray) -> a
    java.lang.String d(android.content.Context,java.lang.String) -> d
    java.util.List a(android.content.Context) -> a
    void a(android.content.Context,java.lang.String) -> a
    void c(android.content.Context,org.json.JSONObject) -> c
    void d(android.content.Context,org.json.JSONObject) -> d
    boolean e(android.content.Context,org.json.JSONObject) -> e
    void a(android.content.SharedPreferences,java.lang.String,java.lang.String) -> a
    void a(android.content.Context,java.lang.String,java.lang.String) -> a
    void a(android.content.Context,com.feedback.a.d,int) -> a
    com.feedback.a.d b(android.content.Context,java.lang.String) -> b
    void c(android.content.Context,java.lang.String) -> c
com.feedback.b.d -> com.feedback.b.d:
    boolean a(java.lang.String) -> a
    java.lang.String a(org.json.JSONObject,java.lang.String,java.lang.String) -> a
    boolean a(java.lang.String,java.lang.String) -> a
com.feedback.c.a -> com.feedback.c.a:
    java.lang.String a -> a
    org.json.JSONObject b -> b
    android.content.Context c -> c
    void run() -> run
com.feedback.c.b -> com.feedback.c.b:
    java.lang.String a -> a
    android.content.Context b -> b
    java.lang.String c -> c
    java.lang.String d -> d
    java.lang.String e -> e
    int f -> f
    android.os.Handler g -> g
    void run() -> run
com.feedback.c.c -> com.feedback.c.c:
    java.lang.String a -> a
    org.json.JSONObject b -> b
    android.content.Context c -> c
    java.lang.Boolean a() -> a
    java.lang.Object call() -> call