proguard/usage.txt
com.tyt.bbs.ArticleActivity:
    private static final int DIALOG_REPLAY
    private static final int DIALOG_LOGIN
    private static final int DIALOG_ZHUANTIE
    protected static final int NEED_LOGIN
    protected static final int REFRESH_LIST
    protected static final int POST_ON
    protected static final int LOAD_IMAGE
com.tyt.bbs.FavoriteActivity:
    213:223:public java.lang.String getFromAssets(java.lang.String)
com.tyt.bbs.FileListActivity:
    public static final int TEXT_CHANGE
com.tyt.bbs.LoginActivity:
    private static final java.lang.String TAG
com.tyt.bbs.MainActivity:
    private static final int DIALOG_NAVIGATION
com.tyt.bbs.MessageActivity:
    private static final int DIALOG_REPLAY
com.tyt.bbs.PaintAcitivity:
    private static final int DIALOG_LOGIN
com.tyt.bbs.PaintAcitivity$MyView:
    private static final float MINP
    private static final float MAXP
    private static final float TOUCH_TOLERANCE
com.tyt.bbs.ProfileActivity:
    java.lang.String pswd
com.tyt.bbs.R$anim
com.tyt.bbs.R$array
com.tyt.bbs.R$attr
com.tyt.bbs.R$color
com.tyt.bbs.R$drawable
com.tyt.bbs.R$id
com.tyt.bbs.R$layout
com.tyt.bbs.R$menu
com.tyt.bbs.R$string
com.tyt.bbs.R$style
com.tyt.bbs.R$styleable:
    public static final int CircleFlowIndicator_activeColor
    public static final int CircleFlowIndicator_activeType
    public static final int CircleFlowIndicator_centered
    public static final int CircleFlowIndicator_fadeOut
    public static final int CircleFlowIndicator_inactiveColor
    public static final int CircleFlowIndicator_inactiveType
    public static final int CircleFlowIndicator_radius
    public static final int TitleFlowIndicator_clipPadding
    public static final int TitleFlowIndicator_footerColor
    public static final int TitleFlowIndicator_footerLineHeight
    public static final int TitleFlowIndicator_footerTriangleHeight
    public static final int TitleFlowIndicator_selectedBold
    public static final int TitleFlowIndicator_selectedColor
    public static final int TitleFlowIndicator_selectedSize
    public static final int TitleFlowIndicator_textColor
    public static final int TitleFlowIndicator_textSize
    public static final int TitleFlowIndicator_titlePadding
    public static final int ViewFlow_sidebuffer
com.tyt.bbs.R$xml
com.tyt.bbs.RecommendActivity:
    public static final java.lang.String TAG
com.tyt.bbs.TopTenActivity:
    public static final java.lang.String TAG
com.tyt.bbs.adapter.ArticelAdapter:
    140:141:public void clear()
    148:148:public java.util.ArrayList getListArticels()
    156:157:public void setListArticels(java.util.ArrayList)
com.tyt.bbs.adapter.BoardsAdapter:
    69:69:public java.lang.String[] getBoards()
com.tyt.bbs.adapter.CollectionAdapter
com.tyt.bbs.adapter.CollectionAdapter$ItemViewHolder
com.tyt.bbs.adapter.DiffMsgAdapter:
    private static final int MAX_COUNT
com.tyt.bbs.adapter.FavAdapter:
    46:47:public void addChecked(int)
com.tyt.bbs.adapter.ListFileAdapter:
    72:76:public void setAllCheckd()
    181:181:public java.util.List getmSubFile()
    187:188:public void setmSubFile(java.util.List)
com.tyt.bbs.adapter.MsgListAdapter$MyImgGetter:
    117:117:public com.tyt.bbs.entity.MessageItem getItem()
com.tyt.bbs.adapter.TopTenAdapter:
    private static final java.lang.String TAG
com.tyt.bbs.dialog.ColorPickerDialog$ColorPickerView:
    private static final float PI
    196:196:public int getColor()
    199:200:public void setColor(int)
com.tyt.bbs.entity.ArticleItem:
    private java.lang.String page
    46:47:public void setPage(java.lang.String)
    50:50:public java.lang.String getPage()
    54:55:public void setImageCache(java.util.Map)
com.tyt.bbs.entity.Image
com.tyt.bbs.entity.MessageItem:
    82:83:public void setImageCache(java.util.Map)
com.tyt.bbs.entity.TopicItem:
    68:68:public int getCategory()
com.tyt.bbs.parser.PostParser:
    158:158:public java.lang.String getPrelink()
    165:165:public java.lang.String getNextlink()
...
com.feedback.NotificationType
com.feedback.UMFeedbackService:
    private static com.feedback.NotificationType a
    private static android.content.Context b
    private static void b(java.lang.String)
    public static void openUmengFeedbackSDK(android.content.Context)
    public static void enableNewReplyNotification(android.content.Context,com.feedback.NotificationType)
    static synthetic android.content.Context a()
    static synthetic void a(java.lang.String)
com.feedback.a
com.feedback.a.a:
    public java.lang.String d
com.feedback.b
com.feedback.b.a:
    public static void c(android.content.Context)
com.feedback.b.b:
    public static int a(org.json.JSONObject)
com.feedback.b.d:
    static final java.lang.String a
    private static final int b
com.feedback.c
com.feedback.c.a:
    java.lang.String d
    java.lang.String e
    int f
    int g
com.feedback.c.b:
    public b(android.content.Context,int)
    public b(android.content.Context,android.os.Handler)
com.feedback.ui.FeedbackConversations:
    private static final int c
    private static final int d
    private static final int e
    private static final int f
    private static final int g
com.feedback.ui.c:
    java.lang.String c
com.feedback.ui.g:
    org.json.JSONArray d
    java.lang.String[] e
    public com.feedback.a.e a(int)
com.mobclick.android.Gender
com.mobclick.android.MobclickAgent:
    private static final int e
    private static final int f
    private static final int g
    private static final int h
    private static synthetic int[] l
    public static org.json.JSONObject getUpdateInfo()
    public static void setAutoLocation(boolean)
    public static void setUpdateOnlyWifi(boolean)
    public static void setUpdateListener(com.mobclick.android.UmengUpdateListener)
    public static void setOnlineConfigureListener(com.mobclick.android.UmengOnlineConfigureListener)
    public static void openActivityDurationTrack(boolean)
    public static boolean isDownloadingAPK()
    public static void setDebugMode(boolean)
    public static void setDefaultReportPolicy(android.content.Context,int)
    public static void reportError(android.content.Context,java.lang.String)
    public static void flush(android.content.Context)
    public static void update(android.content.Context,java.lang.String)
    public static void onEvent(android.content.Context,java.lang.String)
    public static void onEvent(android.content.Context,java.lang.String,int)
    public static void onEvent(android.content.Context,java.lang.String,java.lang.String)
    public static void onEvent(android.content.Context,java.lang.String,java.lang.String,int)
    public static void enterPage(android.content.Context,java.lang.String)
    private synchronized void d(android.content.Context)
    private void e(android.content.Context)
com.mobclick.android.ReportPolicy